[07-Jul-2024 16:16:03] NOTICE: fpm is running, pid 30362
[07-Jul-2024 16:16:03] NOTICE: ready to handle connections
[18-Jul-2024 14:33:48] NOTICE: Terminating ...
[18-Jul-2024 14:33:48] NOTICE: Terminating ...
[18-Jul-2024 14:33:48] NOTICE: exiting, bye-bye!
[18-Jul-2024 14:34:11] NOTICE: fpm is running, pid 24906
[18-Jul-2024 14:34:11] NOTICE: ready to handle connections
[18-Jul-2024 18:05:44] NOTICE: Terminating ...
[18-Jul-2024 18:05:44] NOTICE: Terminating ...
[18-Jul-2024 18:05:44] NOTICE: exiting, bye-bye!
[24-Jul-2024 13:49:02] NOTICE: fpm is running, pid 76809
[24-Jul-2024 13:49:02] NOTICE: ready to handle connections
[24-Jul-2024 13:49:44] NOTICE: Terminating ...
[24-Jul-2024 13:49:44] NOTICE: Terminating ...
[24-Jul-2024 13:49:44] NOTICE: exiting, bye-bye!
[24-Jul-2024 23:52:45] NOTICE: fpm is running, pid 48810
[24-Jul-2024 23:52:45] NOTICE: ready to handle connections
[18-Aug-2024 01:28:06] NOTICE: Terminating ...
[18-Aug-2024 01:28:06] NOTICE: Terminating ...
[18-Aug-2024 01:28:06] NOTICE: exiting, bye-bye!
[21-Aug-2024 14:22:37] NOTICE: fpm is running, pid 51184
[21-Aug-2024 14:22:37] NOTICE: ready to handle connections
[21-Aug-2024 21:39:12] NOTICE: Terminating ...
[21-Aug-2024 21:39:12] NOTICE: Terminating ...
[21-Aug-2024 21:39:12] NOTICE: exiting, bye-bye!
[23-Aug-2024 16:51:38] NOTICE: fpm is running, pid 85306
[23-Aug-2024 16:51:38] NOTICE: ready to handle connections
[26-Aug-2024 22:02:02] NOTICE: Terminating ...
[26-Aug-2024 22:02:02] NOTICE: Terminating ...
[26-Aug-2024 22:02:02] NOTICE: exiting, bye-bye!
[02-Sep-2024 00:45:07] NOTICE: fpm is running, pid 4114
[02-Sep-2024 00:45:07] NOTICE: ready to handle connections
